2023-09-04 21:32:42.240265: I tensorflow/core/platform/cpu_feature_guard.cc:182] This TensorFlow binary is optimized to use available CPU instructions in performance-critical operations.
To enable the following instructions: AVX2 FMA, in other operations, rebuild TensorFlow with the appropriate compiler flags.
2023-09-04 21:32:42.801215: W tensorflow/compiler/tf2tensorrt/utils/py_utils.cc:38] TF-TRT Warning: Could not find TensorRT
2023-09-04 21:32:46.345538: I tensorflow/compiler/xla/stream_executor/cuda/cuda_gpu_executor.cc:996] successful NUMA node read from SysFS had negative value (-1), but there must be at least one NUMA node, so returning NUMA node zero. See more at https://github.com/torvalds/linux/blob/v6.0/Documentation/ABI/testing/sysfs-bus-pci#L344-L355
2023-09-04 21:32:46.346160: I tensorflow/compiler/xla/stream_executor/cuda/cuda_gpu_executor.cc:996] successful NUMA node read from SysFS had negative value (-1), but there must be at least one NUMA node, so returning NUMA node zero. See more at https://github.com/torvalds/linux/blob/v6.0/Documentation/ABI/testing/sysfs-bus-pci#L344-L355
2023-09-04 21:32:46.346279: I tensorflow/compiler/xla/stream_executor/cuda/cuda_gpu_executor.cc:996] successful NUMA node read from SysFS had negative value (-1), but there must be at least one NUMA node, so returning NUMA node zero. See more at https://github.com/torvalds/linux/blob/v6.0/Documentation/ABI/testing/sysfs-bus-pci#L344-L355
2023-09-04 21:32:46.347032: I tensorflow/compiler/xla/stream_executor/cuda/cuda_gpu_executor.cc:996] successful NUMA node read from SysFS had negative value (-1), but there must be at least one NUMA node, so returning NUMA node zero. See more at https://github.com/torvalds/linux/blob/v6.0/Documentation/ABI/testing/sysfs-bus-pci#L344-L355
2023-09-04 21:32:46.347141: I tensorflow/compiler/xla/stream_executor/cuda/cuda_gpu_executor.cc:996] successful NUMA node read from SysFS had negative value (-1), but there must be at least one NUMA node, so returning NUMA node zero. See more at https://github.com/torvalds/linux/blob/v6.0/Documentation/ABI/testing/sysfs-bus-pci#L344-L355
2023-09-04 21:32:46.347234: I tensorflow/compiler/xla/stream_executor/cuda/cuda_gpu_executor.cc:996] successful NUMA node read from SysFS had negative value (-1), but there must be at least one NUMA node, so returning NUMA node zero. See more at https://github.com/torvalds/linux/blob/v6.0/Documentation/ABI/testing/sysfs-bus-pci#L344-L355
2023-09-04 21:32:46.347440: I tensorflow/compiler/xla/stream_executor/cuda/cuda_gpu_executor.cc:996] successful NUMA node read from SysFS had negative value (-1), but there must be at least one NUMA node, so returning NUMA node zero. See more at https://github.com/torvalds/linux/blob/v6.0/Documentation/ABI/testing/sysfs-bus-pci#L344-L355
2023-09-04 21:32:46.347548: I tensorflow/compiler/xla/stream_executor/cuda/cuda_gpu_executor.cc:996] successful NUMA node read from SysFS had negative value (-1), but there must be at least one NUMA node, so returning NUMA node zero. See more at https://github.com/torvalds/linux/blob/v6.0/Documentation/ABI/testing/sysfs-bus-pci#L344-L355
2023-09-04 21:32:46.347643: I tensorflow/compiler/xla/stream_executor/cuda/cuda_gpu_executor.cc:996] successful NUMA node read from SysFS had negative value (-1), but there must be at least one NUMA node, so returning NUMA node zero. See more at https://github.com/torvalds/linux/blob/v6.0/Documentation/ABI/testing/sysfs-bus-pci#L344-L355
2023-09-04 21:32:46.347735: I tensorflow/core/common_runtime/gpu/gpu_device.cc:1635] Created device /job:localhost/replica:0/task:0/device:GPU:0 with 4746 MB memory:  -> device: 0, name: NVIDIA GeForce RTX 3070 Laptop GPU, pci bus id: 0000:01:00.0, compute capability: 8.6
WARNING:tensorflow:From /home/yan/BestMan/BestMan_Pybullet/TODO/ViLD.py:206: load (from tensorflow.python.saved_model.loader_impl) is deprecated and will be removed in a future version.
Instructions for updating:
Use `tf.saved_model.load` instead.
2023-09-04 21:32:47.271890: I tensorflow/compiler/mlir/mlir_graph_optimization_pass.cc:353] MLIR V1 optimization pass is not enabled
2023-09-04 21:32:58.773342: E tensorflow/compiler/xla/stream_executor/cuda/cuda_dnn.cc:417] Loaded runtime CuDNN library: 8.5.0 but source was compiled with: 8.6.0.  CuDNN library needs to have matching major version and equal or higher minor version. If using a binary install, upgrade your CuDNN library.  If building from sources, make sure the library loaded at runtime is compatible with the version specified during compile configuration.
2023-09-04 21:32:58.773985: W tensorflow/core/framework/op_kernel.cc:1830] OP_REQUIRES failed at conv_ops.cc:1068 : UNIMPLEMENTED: DNN library is not found.
2023-09-04 21:32:58.774022: I tensorflow/core/common_runtime/executor.cc:1197] [/job:localhost/replica:0/task:0/device:GPU:0] (DEBUG INFO) Executor start aborting (this does not indicate an error and you can ignore this message): UNIMPLEMENTED: DNN library is not found.
	 [[{{node resnet152/conv2d/Conv2D}}]]
2023-09-04 21:32:58.774043: I tensorflow/core/common_runtime/executor.cc:1197] [/job:localhost/replica:0/task:0/device:CPU:0] (DEBUG INFO) Executor start aborting (this does not indicate an error and you can ignore this message): UNIMPLEMENTED: DNN library is not found.
	 [[{{node resnet152/conv2d/Conv2D}}]]
	 [[VisualFeatOutputs/_2111]]
Traceback (most recent call last):
  File "/home/yan/anaconda3/envs/vlm/lib/python3.10/site-packages/tensorflow/python/client/session.py", line 1378, in _do_call
    return fn(*args)
  File "/home/yan/anaconda3/envs/vlm/lib/python3.10/site-packages/tensorflow/python/client/session.py", line 1361, in _run_fn
    return self._call_tf_sessionrun(options, feed_dict, fetch_list,
  File "/home/yan/anaconda3/envs/vlm/lib/python3.10/site-packages/tensorflow/python/client/session.py", line 1454, in _call_tf_sessionrun
    return tf_session.TF_SessionRun_wrapper(self._session, options, feed_dict,
tensorflow.python.framework.errors_impl.UnimplementedError: 2 root error(s) found.
  (0) UNIMPLEMENTED: DNN library is not found.
	 [[{{node resnet152/conv2d/Conv2D}}]]
	 [[VisualFeatOutputs/_2111]]
  (1) UNIMPLEMENTED: DNN library is not found.
	 [[{{node resnet152/conv2d/Conv2D}}]]
0 successful operations.
0 derived errors ignored.

During handling of the above exception, another exception occurred:

Traceback (most recent call last):
  File "/home/yan/BestMan/BestMan_Pybullet/TODO/ViLD.py", line 861, in <module>
    main(image_path, category_name_string, params)
  File "/home/yan/BestMan/BestMan_Pybullet/TODO/ViLD.py", line 684, in main
    roi_boxes, roi_scores, detection_boxes, scores_unused, box_outputs, detection_masks, visual_features, image_info = session.run(
  File "/home/yan/anaconda3/envs/vlm/lib/python3.10/site-packages/tensorflow/python/client/session.py", line 968, in run
    result = self._run(None, fetches, feed_dict, options_ptr,
  File "/home/yan/anaconda3/envs/vlm/lib/python3.10/site-packages/tensorflow/python/client/session.py", line 1191, in _run
    results = self._do_run(handle, final_targets, final_fetches,
  File "/home/yan/anaconda3/envs/vlm/lib/python3.10/site-packages/tensorflow/python/client/session.py", line 1371, in _do_run
    return self._do_call(_run_fn, feeds, fetches, targets, options,
  File "/home/yan/anaconda3/envs/vlm/lib/python3.10/site-packages/tensorflow/python/client/session.py", line 1397, in _do_call
    raise type(e)(node_def, op, message)  # pylint: disable=no-value-for-parameter
tensorflow.python.framework.errors_impl.UnimplementedError: Graph execution error:

Detected at node 'resnet152/conv2d/Conv2D' defined at (most recent call last):
Node: 'resnet152/conv2d/Conv2D'
Detected at node 'resnet152/conv2d/Conv2D' defined at (most recent call last):
Node: 'resnet152/conv2d/Conv2D'
2 root error(s) found.
  (0) UNIMPLEMENTED: DNN library is not found.
	 [[{{node resnet152/conv2d/Conv2D}}]]
	 [[VisualFeatOutputs/_2111]]
  (1) UNIMPLEMENTED: DNN library is not found.
	 [[{{node resnet152/conv2d/Conv2D}}]]
0 successful operations.
0 derived errors ignored.

Original stack trace for 'resnet152/conv2d/Conv2D':

